<?xml version="1.0" encoding="UTF-8"?>
<testsuite name="sensors.v1.V1ReportSensorTest" tests="10" skipped="0" failures="0" errors="0" timestamp="2026-04-09T17:15:09.716Z" hostname="Julians-MacBook-Pro.local" time="0.007">
  <properties/>
  <testcase name="testNullDescriptionReturnsUnknown()" classname="sensors.v1.V1ReportSensorTest" time="0.0"/>
  <testcase name="testHasCorrectAttributes()" classname="sensors.v1.V1ReportSensorTest" time="0.002"/>
  <testcase name="testStatusIsNull()" classname="sensors.v1.V1ReportSensorTest" time="0.001"/>
  <testcase name="testReportIsAlwaysCritical()" classname="sensors.v1.V1ReportSensorTest" time="0.001"/>
  <testcase name="testDescriptionIsMappedFromDESC()" classname="sensors.v1.V1ReportSensorTest" time="0.0"/>
  <testcase name="testSeverityIsNull()" classname="sensors.v1.V1ReportSensorTest" time="0.001"/>
  <testcase name="testMissingDescriptionReturnsUnknown()" classname="sensors.v1.V1ReportSensorTest" time="0.0"/>
  <testcase name="testNullCategoryReturnsUnknown()" classname="sensors.v1.V1ReportSensorTest" time="0.001"/>
  <testcase name="testParsesCorrectType()" classname="sensors.v1.V1ReportSensorTest" time="0.0"/>
  <testcase name="testMissingCategoryReturnsUnknown()" classname="sensors.v1.V1ReportSensorTest" time="0.0"/>
  <system-out><![CDATA[]]></system-out>
  <system-err><![CDATA[]]></system-err>
</testsuite>
