<?xml version="1.0" encoding="UTF-8"?>
<testsuite name="sensors.v2.V2TrafficSensorTest" tests="15" skipped="0" failures="0" errors="0" timestamp="2026-04-09T17:15:09.770Z" hostname="Julians-MacBook-Pro.local" time="0.007">
  <properties/>
  <testcase name="testNullDataReturnsUnknown()" classname="sensors.v2.V2TrafficSensorTest" time="0.001"/>
  <testcase name="testHasCorrectAttributes()" classname="sensors.v2.V2TrafficSensorTest" time="0.0"/>
  <testcase name="testMissingSpeedKmhReturnsUnknown()" classname="sensors.v2.V2TrafficSensorTest" time="0.0"/>
  <testcase name="testUnknownEventTypeReturnsUnknown()" classname="sensors.v2.V2TrafficSensorTest" time="0.001"/>
  <testcase name="testNumericLaneConvertsToString()" classname="sensors.v2.V2TrafficSensorTest" time="0.0"/>
  <testcase name="testNullLaneReturnsUnknown()" classname="sensors.v2.V2TrafficSensorTest" time="0.0"/>
  <testcase name="testMissingEventTypeReturnsUnknown()" classname="sensors.v2.V2TrafficSensorTest" time="0.001"/>
  <testcase name="testSpeedAtMinBoundaryIsValid()" classname="sensors.v2.V2TrafficSensorTest" time="0.0"/>
  <testcase name="testParsesCorrectType()" classname="sensors.v2.V2TrafficSensorTest" time="0.0"/>
  <testcase name="testMissingDataReturnsUnknown()" classname="sensors.v2.V2TrafficSensorTest" time="0.001"/>
  <testcase name="testSpeedBelowMinReturnsUnknown()" classname="sensors.v2.V2TrafficSensorTest" time="0.0"/>
  <testcase name="testSpeedAtMaxBoundaryIsValid()" classname="sensors.v2.V2TrafficSensorTest" time="0.001"/>
  <testcase name="testMissingLaneReturnsUnknown()" classname="sensors.v2.V2TrafficSensorTest" time="0.0"/>
  <testcase name="testNullSpeedKmhReturnsUnknown()" classname="sensors.v2.V2TrafficSensorTest" time="0.0"/>
  <testcase name="testSpeedAboveMaxReturnsUnknown()" classname="sensors.v2.V2TrafficSensorTest" time="0.001"/>
  <system-out><![CDATA[]]></system-out>
  <system-err><![CDATA[]]></system-err>
</testsuite>
