<?xml version="1.0" encoding="UTF-8"?>
<testsuite name="sensors.v1.V1WeatherSensorTest" tests="18" skipped="0" failures="0" errors="0" timestamp="2026-04-09T17:15:09.733Z" hostname="Julians-MacBook-Pro.local" time="0.011">
  <properties/>
  <testcase name="testMissingHumidityFieldReturnsUnknown()" classname="sensors.v1.V1WeatherSensorTest" time="0.001"/>
  <testcase name="testHasCorrectAttributes()" classname="sensors.v1.V1WeatherSensorTest" time="0.0"/>
  <testcase name="testNullTemperatureReturnsUnknown()" classname="sensors.v1.V1WeatherSensorTest" time="0.001"/>
  <testcase name="testTemperatureBelowMinReturnsUnknown()" classname="sensors.v1.V1WeatherSensorTest" time="0.001"/>
  <testcase name="testTemperatureAtMinBoundaryIsValid()" classname="sensors.v1.V1WeatherSensorTest" time="0.0"/>
  <testcase name="testMissingTemperatureReturnsUnknown()" classname="sensors.v1.V1WeatherSensorTest" time="0.0"/>
  <testcase name="testNullHumidityReturnsUnknown()" classname="sensors.v1.V1WeatherSensorTest" time="0.001"/>
  <testcase name="testHumidityAtMinBoundaryIsValid()" classname="sensors.v1.V1WeatherSensorTest" time="0.0"/>
  <testcase name="testTemperatureAboveMaxReturnsUnknown()" classname="sensors.v1.V1WeatherSensorTest" time="0.001"/>
  <testcase name="testParsesCorrectType()" classname="sensors.v1.V1WeatherSensorTest" time="0.0"/>
  <testcase name="testHumidityBelowMinReturnsUnknown()" classname="sensors.v1.V1WeatherSensorTest" time="0.001"/>
  <testcase name="testTemperatureAtMaxBoundaryIsValid()" classname="sensors.v1.V1WeatherSensorTest" time="0.0"/>
  <testcase name="testTemperatureIsFahrenheit()" classname="sensors.v1.V1WeatherSensorTest" time="0.001"/>
  <testcase name="testCriticalTemperature()" classname="sensors.v1.V1WeatherSensorTest" time="0.0"/>
  <testcase name="testHumidityAtMaxBoundaryIsValid()" classname="sensors.v1.V1WeatherSensorTest" time="0.001"/>
  <testcase name="testNonCriticalTemperatureAboveRange()" classname="sensors.v1.V1WeatherSensorTest" time="0.001"/>
  <testcase name="testHumidityAboveMaxReturnsUnknown()" classname="sensors.v1.V1WeatherSensorTest" time="0.0"/>
  <testcase name="testNonCriticalTemperatureBelowRange()" classname="sensors.v1.V1WeatherSensorTest" time="0.001"/>
  <system-out><![CDATA[]]></system-out>
  <system-err><![CDATA[]]></system-err>
</testsuite>
