<?xml version="1.0" encoding="UTF-8"?>
<testsuite name="sensors.v1_5.V1_5ReportSensorTest" tests="10" skipped="0" failures="0" errors="0" timestamp="2026-04-09T17:15:09.744Z" hostname="Julians-MacBook-Pro.local" time="0.005">
  <properties/>
  <testcase name="testHasCorrectAttributes()" classname="sensors.v1_5.V1_5ReportSensorTest" time="0.001"/>
  <testcase name="testNullSeverityReturnsUnknown()" classname="sensors.v1_5.V1_5ReportSensorTest" time="0.0"/>
  <testcase name="testStatusIsNull()" classname="sensors.v1_5.V1_5ReportSensorTest" time="0.0"/>
  <testcase name="testReportIsAlwaysCritical()" classname="sensors.v1_5.V1_5ReportSensorTest" time="0.0"/>
  <testcase name="testSeverityIsMappedFromAttributes()" classname="sensors.v1_5.V1_5ReportSensorTest" time="0.0"/>
  <testcase name="testMissingSeverityReturnsUnknown()" classname="sensors.v1_5.V1_5ReportSensorTest" time="0.0"/>
  <testcase name="testNullCategoryReturnsUnknown()" classname="sensors.v1_5.V1_5ReportSensorTest" time="0.001"/>
  <testcase name="testDescriptionIsNull()" classname="sensors.v1_5.V1_5ReportSensorTest" time="0.0"/>
  <testcase name="testParsesCorrectType()" classname="sensors.v1_5.V1_5ReportSensorTest" time="0.001"/>
  <testcase name="testMissingCategoryReturnsUnknown()" classname="sensors.v1_5.V1_5ReportSensorTest" time="0.0"/>
  <system-out><![CDATA[]]></system-out>
  <system-err><![CDATA[]]></system-err>
</testsuite>
