<?xml version="1.0" encoding="UTF-8"?>
<testsuite name="sensors.SensorTypeTest" tests="28" skipped="0" failures="0" errors="0" timestamp="2026-04-07T20:09:39.444Z" hostname="Julians-MacBook-Pro.local" time="0.09">
  <properties/>
  <testcase name="testV1TrafficParsesCorrectType()" classname="sensors.SensorTypeTest" time="0.068"/>
  <testcase name="testV1_5TrafficWithNullVelocity()" classname="sensors.SensorTypeTest" time="0.001"/>
  <testcase name="testV1_5WeatherHasCorrectAttributes()" classname="sensors.SensorTypeTest" time="0.001"/>
  <testcase name="testV1ReportHasCorrectAttributes()" classname="sensors.SensorTypeTest" time="0.0"/>
  <testcase name="testV2WeatherHasCorrectAttributes()" classname="sensors.SensorTypeTest" time="0.001"/>
  <testcase name="testV1_5WeatherParsesCorrectType()" classname="sensors.SensorTypeTest" time="0.0"/>
  <testcase name="testV1WeatherHasCorrectAttributes()" classname="sensors.SensorTypeTest" time="0.0"/>
  <testcase name="testV1_5TrafficParsesCorrectType()" classname="sensors.SensorTypeTest" time="0.0"/>
  <testcase name="testV2ReportParsesCorrectType()" classname="sensors.SensorTypeTest" time="0.001"/>
  <testcase name="testV1ReportParsesCorrectType()" classname="sensors.SensorTypeTest" time="0.0"/>
  <testcase name="testV2ReportHasCorrectAttributes()" classname="sensors.SensorTypeTest" time="0.0"/>
  <testcase name="testV1_5ReportWithAreaAttribute()" classname="sensors.SensorTypeTest" time="0.001"/>
  <testcase name="testVersionIsNormalizedToString()" classname="sensors.SensorTypeTest" time="0.0"/>
  <testcase name="testV1WeatherWithNullHumidity()" classname="sensors.SensorTypeTest" time="0.001"/>
  <testcase name="testNullNodeReturnsUnknown()" classname="sensors.SensorTypeTest" time="0.0"/>
  <testcase name="testV2WeatherParsesCorrectType()" classname="sensors.SensorTypeTest" time="0.0"/>
  <testcase name="testV2TrafficParsesCorrectType()" classname="sensors.SensorTypeTest" time="0.0"/>
  <testcase name="testV1_5TrafficHasCorrectAttributes()" classname="sensors.SensorTypeTest" time="0.001"/>
  <testcase name="testUnknownTypeReturnsUnknown()" classname="sensors.SensorTypeTest" time="0.0"/>
  <testcase name="testV2TrafficHasCorrectAttributes()" classname="sensors.SensorTypeTest" time="0.0"/>
  <testcase name="testV1_5WeatherTemperatureIsCelsius()" classname="sensors.SensorTypeTest" time="0.0"/>
  <testcase name="testV1_5ReportHasCorrectAttributes()" classname="sensors.SensorTypeTest" time="0.0"/>
  <testcase name="testV1_5ReportParsesCorrectType()" classname="sensors.SensorTypeTest" time="0.0"/>
  <testcase name="testV1TrafficHasCorrectAttributes()" classname="sensors.SensorTypeTest" time="0.0"/>
  <testcase name="testV2WeatherTemperatureIsCelsius()" classname="sensors.SensorTypeTest" time="0.0"/>
  <testcase name="testV1TrafficWithNullVelocityParsesSpeed()" classname="sensors.SensorTypeTest" time="0.0"/>
  <testcase name="testV1WeatherTemperatureIsFahrenheit()" classname="sensors.SensorTypeTest" time="0.001"/>
  <testcase name="testV1WeatherParsesCorrectType()" classname="sensors.SensorTypeTest" time="0.0"/>
  <system-out><![CDATA[]]></system-out>
  <system-err><![CDATA[]]></system-err>
</testsuite>
